<?xml version="1.0" encoding="UTF-8"?>
<testsuite xmlns:xsi="http://www.w3.org/2001/XMLSchema-instance" xsi:noNamespaceSchemaLocation="https://maven.apache.org/surefire/maven-surefire-plugin/xsd/surefire-test-report.xsd" name="com.nagp.security.AppSecurityApplicationTests" time="0.216" tests="1" errors="1" skipped="0" failures="0">
  <properties>
    <property name="java.specification.version" value="17"/>
    <property name="sun.jnu.encoding" value="UTF-8"/>
    <property name="java.class.path" value="/Users/abhishekkashyap/Documents/workspace-spring-tool-suite-4-4.16.1.RELEASE/AppSecurity/target/test-classes:/Users/abhishekkashyap/Documents/workspace-spring-tool-suite-4-4.16.1.RELEASE/AppSecurity/target/classes:/Users/abhishekkashyap/.m2/repository/org/springframework/boot/spring-boot-starter-security/2.3.1.RELEASE/spring-boot-starter-security-2.3.1.RELEASE.jar:/Users/abhishekkashyap/.m2/repository/org/springframework/boot/spring-boot-starter/2.3.1.RELEASE/spring-boot-starter-2.3.1.RELEASE.jar:/Users/abhishekkashyap/.m2/repository/org/springframework/boot/spring-boot/2.3.1.RELEASE/spring-boot-2.3.1.RELEASE.jar:/Users/abhishekkashyap/.m2/repository/org/springframework/boot/spring-boot-autoconfigure/2.3.1.RELEASE/spring-boot-autoconfigure-2.3.1.RELEASE.jar:/Users/abhishekkashyap/.m2/repository/org/springframework/boot/spring-boot-starter-logging/2.3.1.RELEASE/spring-boot-starter-logging-2.3.1.RELEASE.jar:/Users/abhishekkashyap/.m2/repository/ch/qos/logback/logback-classic/1.2.3/logback-classic-1.2.3.jar:/Users/abhishekkashyap/.m2/repository/ch/qos/logback/logback-core/1.2.3/logback-core-1.2.3.jar:/Users/abhishekkashyap/.m2/repository/org/apache/logging/log4j/log4j-to-slf4j/2.13.3/log4j-to-slf4j-2.13.3.jar:/Users/abhishekkashyap/.m2/repository/org/apache/logging/log4j/log4j-api/2.13.3/log4j-api-2.13.3.jar:/Users/abhishekkashyap/.m2/repository/org/slf4j/jul-to-slf4j/1.7.30/jul-to-slf4j-1.7.30.jar:/Users/abhishekkashyap/.m2/repository/jakarta/annotation/jakarta.annotation-api/1.3.5/jakarta.annotation-api-1.3.5.jar:/Users/abhishekkashyap/.m2/repository/org/yaml/snakeyaml/1.26/snakeyaml-1.26.jar:/Users/abhishekkashyap/.m2/repository/org/springframework/spring-aop/5.2.7.RELEASE/spring-aop-5.2.7.RELEASE.jar:/Users/abhishekkashyap/.m2/repository/org/springframework/spring-beans/5.2.7.RELEASE/spring-beans-5.2.7.RELEASE.jar:/Users/abhishekkashyap/.m2/repository/org/springframework/security/spring-security-config/5.3.3.RELEASE/spring-security-config-5.3.3.RELEASE.jar:/Users/abhishekkashyap/.m2/repository/org/springframework/spring-context/5.2.7.RELEASE/spring-context-5.2.7.RELEASE.jar:/Users/abhishekkashyap/.m2/repository/org/springframework/security/spring-security-web/5.3.3.RELEASE/spring-security-web-5.3.3.RELEASE.jar:/Users/abhishekkashyap/.m2/repository/org/springframework/spring-expression/5.2.7.RELEASE/spring-expression-5.2.7.RELEASE.jar:/Users/abhishekkashyap/.m2/repository/org/springframework/spring-web/5.2.7.RELEASE/spring-web-5.2.7.RELEASE.jar:/Users/abhishekkashyap/.m2/repository/mysql/mysql-connector-java/8.0.26/mysql-connector-java-8.0.26.jar:/Users/abhishekkashyap/.m2/repository/org/springframework/boot/spring-boot-starter-test/2.3.1.RELEASE/spring-boot-starter-test-2.3.1.RELEASE.jar:/Users/abhishekkashyap/.m2/repository/org/springframework/boot/spring-boot-test/2.3.1.RELEASE/spring-boot-test-2.3.1.RELEASE.jar:/Users/abhishekkashyap/.m2/repository/org/springframework/boot/spring-boot-test-autoconfigure/2.3.1.RELEASE/spring-boot-test-autoconfigure-2.3.1.RELEASE.jar:/Users/abhishekkashyap/.m2/repository/com/jayway/jsonpath/json-path/2.4.0/json-path-2.4.0.jar:/Users/abhishekkashyap/.m2/repository/net/minidev/json-smart/2.3/json-smart-2.3.jar:/Users/abhishekkashyap/.m2/repository/net/minidev/accessors-smart/1.2/accessors-smart-1.2.jar:/Users/abhishekkashyap/.m2/repository/org/ow2/asm/asm/5.0.4/asm-5.0.4.jar:/Users/abhishekkashyap/.m2/repository/org/slf4j/slf4j-api/1.7.30/slf4j-api-1.7.30.jar:/Users/abhishekkashyap/.m2/repository/jakarta/xml/bind/jakarta.xml.bind-api/2.3.3/jakarta.xml.bind-api-2.3.3.jar:/Users/abhishekkashyap/.m2/repository/jakarta/activation/jakarta.activation-api/1.2.2/jakarta.activation-api-1.2.2.jar:/Users/abhishekkashyap/.m2/repository/org/assertj/assertj-core/3.16.1/assertj-core-3.16.1.jar:/Users/abhishekkashyap/.m2/repository/org/hamcrest/hamcrest/2.2/hamcrest-2.2.jar:/Users/abhishekkashyap/.m2/repository/org/junit/jupiter/junit-jupiter/5.6.2/junit-jupiter-5.6.2.jar:/Users/abhishekkashyap/.m2/repository/org/junit/jupiter/junit-jupiter-api/5.6.2/junit-jupiter-api-5.6.2.jar:/Users/abhishekkashyap/.m2/repository/org/opentest4j/opentest4j/1.2.0/opentest4j-1.2.0.jar:/Users/abhishekkashyap/.m2/repository/org/junit/platform/junit-platform-commons/1.6.2/junit-platform-commons-1.6.2.jar:/Users/abhishekkashyap/.m2/repository/org/junit/jupiter/junit-jupiter-params/5.6.2/junit-jupiter-params-5.6.2.jar:/Users/abhishekkashyap/.m2/repository/org/junit/jupiter/junit-jupiter-engine/5.6.2/junit-jupiter-engine-5.6.2.jar:/Users/abhishekkashyap/.m2/repository/org/junit/vintage/junit-vintage-engine/5.6.2/junit-vintage-engine-5.6.2.jar:/Users/abhishekkashyap/.m2/repository/org/apiguardian/apiguardian-api/1.1.0/apiguardian-api-1.1.0.jar:/Users/abhishekkashyap/.m2/repository/org/junit/platform/junit-platform-engine/1.6.2/junit-platform-engine-1.6.2.jar:/Users/abhishekkashyap/.m2/repository/junit/junit/4.13/junit-4.13.jar:/Users/abhishekkashyap/.m2/repository/org/mockito/mockito-core/3.3.3/mockito-core-3.3.3.jar:/Users/abhishekkashyap/.m2/repository/net/bytebuddy/byte-buddy/1.10.11/byte-buddy-1.10.11.jar:/Users/abhishekkashyap/.m2/repository/net/bytebuddy/byte-buddy-agent/1.10.11/byte-buddy-agent-1.10.11.jar:/Users/abhishekkashyap/.m2/repository/org/objenesis/objenesis/2.6/objenesis-2.6.jar:/Users/abhishekkashyap/.m2/repository/org/mockito/mockito-junit-jupiter/3.3.3/mockito-junit-jupiter-3.3.3.jar:/Users/abhishekkashyap/.m2/repository/org/skyscreamer/jsonassert/1.5.0/jsonassert-1.5.0.jar:/Users/abhishekkashyap/.m2/repository/com/vaadin/external/google/android-json/0.0.20131108.vaadin1/android-json-0.0.20131108.vaadin1.jar:/Users/abhishekkashyap/.m2/repository/org/springframework/spring-core/5.2.7.RELEASE/spring-core-5.2.7.RELEASE.jar:/Users/abhishekkashyap/.m2/repository/org/springframework/spring-jcl/5.2.7.RELEASE/spring-jcl-5.2.7.RELEASE.jar:/Users/abhishekkashyap/.m2/repository/org/springframework/spring-test/5.2.7.RELEASE/spring-test-5.2.7.RELEASE.jar:/Users/abhishekkashyap/.m2/repository/org/xmlunit/xmlunit-core/2.7.0/xmlunit-core-2.7.0.jar:/Users/abhishekkashyap/.m2/repository/io/jsonwebtoken/jjwt/0.9.1/jjwt-0.9.1.jar:/Users/abhishekkashyap/.m2/repository/com/fasterxml/jackson/core/jackson-databind/2.11.0/jackson-databind-2.11.0.jar:/Users/abhishekkashyap/.m2/repository/com/fasterxml/jackson/core/jackson-annotations/2.11.0/jackson-annotations-2.11.0.jar:/Users/abhishekkashyap/.m2/repository/com/fasterxml/jackson/core/jackson-core/2.11.0/jackson-core-2.11.0.jar:/Users/abhishekkashyap/.m2/repository/javax/persistence/javax.persistence-api/2.2/javax.persistence-api-2.2.jar:/Users/abhishekkashyap/.m2/repository/org/projectlombok/lombok/1.18.20/lombok-1.18.20.jar:/Users/abhishekkashyap/.m2/repository/org/springframework/boot/spring-boot-starter-data-jpa/2.3.1.RELEASE/spring-boot-starter-data-jpa-2.3.1.RELEASE.jar:/Users/abhishekkashyap/.m2/repository/org/springframework/boot/spring-boot-starter-aop/2.3.1.RELEASE/spring-boot-starter-aop-2.3.1.RELEASE.jar:/Users/abhishekkashyap/.m2/repository/org/aspectj/aspectjweaver/1.9.5/aspectjweaver-1.9.5.jar:/Users/abhishekkashyap/.m2/repository/org/springframework/boot/spring-boot-starter-jdbc/2.3.1.RELEASE/spring-boot-starter-jdbc-2.3.1.RELEASE.jar:/Users/abhishekkashyap/.m2/repository/com/zaxxer/HikariCP/3.4.5/HikariCP-3.4.5.jar:/Users/abhishekkashyap/.m2/repository/org/springframework/spring-jdbc/5.2.7.RELEASE/spring-jdbc-5.2.7.RELEASE.jar:/Users/abhishekkashyap/.m2/repository/jakarta/transaction/jakarta.transaction-api/1.3.3/jakarta.transaction-api-1.3.3.jar:/Users/abhishekkashyap/.m2/repository/jakarta/persistence/jakarta.persistence-api/2.2.3/jakarta.persistence-api-2.2.3.jar:/Users/abhishekkashyap/.m2/repository/org/hibernate/hibernate-core/5.4.17.Final/hibernate-core-5.4.17.Final.jar:/Users/abhishekkashyap/.m2/repository/org/jboss/logging/jboss-logging/3.4.1.Final/jboss-logging-3.4.1.Final.jar:/Users/abhishekkashyap/.m2/repository/org/javassist/javassist/3.24.0-GA/javassist-3.24.0-GA.jar:/Users/abhishekkashyap/.m2/repository/antlr/antlr/2.7.7/antlr-2.7.7.jar:/Users/abhishekkashyap/.m2/repository/org/jboss/jandex/2.1.3.Final/jandex-2.1.3.Final.jar:/Users/abhishekkashyap/.m2/repository/com/fasterxml/classmate/1.5.1/classmate-1.5.1.jar:/Users/abhishekkashyap/.m2/repository/org/dom4j/dom4j/2.1.3/dom4j-2.1.3.jar:/Users/abhishekkashyap/.m2/repository/org/hibernate/common/hibernate-commons-annotations/5.1.0.Final/hibernate-commons-annotations-5.1.0.Final.jar:/Users/abhishekkashyap/.m2/repository/org/glassfish/jaxb/jaxb-runtime/2.3.3/jaxb-runtime-2.3.3.jar:/Users/abhishekkashyap/.m2/repository/org/glassfish/jaxb/txw2/2.3.3/txw2-2.3.3.jar:/Users/abhishekkashyap/.m2/repository/com/sun/istack/istack-commons-runtime/3.0.11/istack-commons-runtime-3.0.11.jar:/Users/abhishekkashyap/.m2/repository/com/sun/activation/jakarta.activation/1.2.2/jakarta.activation-1.2.2.jar:/Users/abhishekkashyap/.m2/repository/org/springframework/data/spring-data-jpa/2.3.1.RELEASE/spring-data-jpa-2.3.1.RELEASE.jar:/Users/abhishekkashyap/.m2/repository/org/springframework/data/spring-data-commons/2.3.1.RELEASE/spring-data-commons-2.3.1.RELEASE.jar:/Users/abhishekkashyap/.m2/repository/org/springframework/spring-orm/5.2.7.RELEASE/spring-orm-5.2.7.RELEASE.jar:/Users/abhishekkashyap/.m2/repository/org/springframework/spring-tx/5.2.7.RELEASE/spring-tx-5.2.7.RELEASE.jar:/Users/abhishekkashyap/.m2/repository/org/springframework/spring-aspects/5.2.7.RELEASE/spring-aspects-5.2.7.RELEASE.jar:/Users/abhishekkashyap/.m2/repository/org/springframework/security/spring-security-test/5.3.3.RELEASE/spring-security-test-5.3.3.RELEASE.jar:/Users/abhishekkashyap/.m2/repository/org/springframework/security/spring-security-core/5.3.3.RELEASE/spring-security-core-5.3.3.RELEASE.jar:"/>
    <property name="java.vm.vendor" value="Eclipse Adoptium"/>
    <property name="sun.arch.data.model" value="64"/>
    <property name="java.vendor.url" value="https://adoptium.net/"/>
    <property name="os.name" value="Mac OS X"/>
    <property name="java.vm.specification.version" value="17"/>
    <property name="sun.java.launcher" value="SUN_STANDARD"/>
    <property name="user.country" value="IN"/>
    <property name="sun.boot.library.path" value="/Applications/SpringToolSuite4.app/Contents/Eclipse/plugins/org.eclipse.justj.openjdk.hotspot.jre.full.macosx.x86_64_17.0.4.v20221004-1257/jre/lib"/>
    <property name="sun.java.command" value="/Users/abhishekkashyap/Documents/workspace-spring-tool-suite-4-4.16.1.RELEASE/AppSecurity/target/surefire/surefirebooter7464456427116739800.jar /Users/abhishekkashyap/Documents/workspace-spring-tool-suite-4-4.16.1.RELEASE/AppSecurity/target/surefire 2022-11-30T13-54-23_378-jvmRun1 surefire16253944772432044558tmp surefire_06091866180464105514tmp"/>
    <property name="http.nonProxyHosts" value="local|*.local|169.254/16|*.169.254/16"/>
    <property name="jdk.debug" value="release"/>
    <property name="surefire.test.class.path" value="/Users/abhishekkashyap/Documents/workspace-spring-tool-suite-4-4.16.1.RELEASE/AppSecurity/target/test-classes:/Users/abhishekkashyap/Documents/workspace-spring-tool-suite-4-4.16.1.RELEASE/AppSecurity/target/classes:/Users/abhishekkashyap/.m2/repository/org/springframework/boot/spring-boot-starter-security/2.3.1.RELEASE/spring-boot-starter-security-2.3.1.RELEASE.jar:/Users/abhishekkashyap/.m2/repository/org/springframework/boot/spring-boot-starter/2.3.1.RELEASE/spring-boot-starter-2.3.1.RELEASE.jar:/Users/abhishekkashyap/.m2/repository/org/springframework/boot/spring-boot/2.3.1.RELEASE/spring-boot-2.3.1.RELEASE.jar:/Users/abhishekkashyap/.m2/repository/org/springframework/boot/spring-boot-autoconfigure/2.3.1.RELEASE/spring-boot-autoconfigure-2.3.1.RELEASE.jar:/Users/abhishekkashyap/.m2/repository/org/springframework/boot/spring-boot-starter-logging/2.3.1.RELEASE/spring-boot-starter-logging-2.3.1.RELEASE.jar:/Users/abhishekkashyap/.m2/repository/ch/qos/logback/logback-classic/1.2.3/logback-classic-1.2.3.jar:/Users/abhishekkashyap/.m2/repository/ch/qos/logback/logback-core/1.2.3/logback-core-1.2.3.jar:/Users/abhishekkashyap/.m2/repository/org/apache/logging/log4j/log4j-to-slf4j/2.13.3/log4j-to-slf4j-2.13.3.jar:/Users/abhishekkashyap/.m2/repository/org/apache/logging/log4j/log4j-api/2.13.3/log4j-api-2.13.3.jar:/Users/abhishekkashyap/.m2/repository/org/slf4j/jul-to-slf4j/1.7.30/jul-to-slf4j-1.7.30.jar:/Users/abhishekkashyap/.m2/repository/jakarta/annotation/jakarta.annotation-api/1.3.5/jakarta.annotation-api-1.3.5.jar:/Users/abhishekkashyap/.m2/repository/org/yaml/snakeyaml/1.26/snakeyaml-1.26.jar:/Users/abhishekkashyap/.m2/repository/org/springframework/spring-aop/5.2.7.RELEASE/spring-aop-5.2.7.RELEASE.jar:/Users/abhishekkashyap/.m2/repository/org/springframework/spring-beans/5.2.7.RELEASE/spring-beans-5.2.7.RELEASE.jar:/Users/abhishekkashyap/.m2/repository/org/springframework/security/spring-security-config/5.3.3.RELEASE/spring-security-config-5.3.3.RELEASE.jar:/Users/abhishekkashyap/.m2/repository/org/springframework/spring-context/5.2.7.RELEASE/spring-context-5.2.7.RELEASE.jar:/Users/abhishekkashyap/.m2/repository/org/springframework/security/spring-security-web/5.3.3.RELEASE/spring-security-web-5.3.3.RELEASE.jar:/Users/abhishekkashyap/.m2/repository/org/springframework/spring-expression/5.2.7.RELEASE/spring-expression-5.2.7.RELEASE.jar:/Users/abhishekkashyap/.m2/repository/org/springframework/spring-web/5.2.7.RELEASE/spring-web-5.2.7.RELEASE.jar:/Users/abhishekkashyap/.m2/repository/mysql/mysql-connector-java/8.0.26/mysql-connector-java-8.0.26.jar:/Users/abhishekkashyap/.m2/repository/org/springframework/boot/spring-boot-starter-test/2.3.1.RELEASE/spring-boot-starter-test-2.3.1.RELEASE.jar:/Users/abhishekkashyap/.m2/repository/org/springframework/boot/spring-boot-test/2.3.1.RELEASE/spring-boot-test-2.3.1.RELEASE.jar:/Users/abhishekkashyap/.m2/repository/org/springframework/boot/spring-boot-test-autoconfigure/2.3.1.RELEASE/spring-boot-test-autoconfigure-2.3.1.RELEASE.jar:/Users/abhishekkashyap/.m2/repository/com/jayway/jsonpath/json-path/2.4.0/json-path-2.4.0.jar:/Users/abhishekkashyap/.m2/repository/net/minidev/json-smart/2.3/json-smart-2.3.jar:/Users/abhishekkashyap/.m2/repository/net/minidev/accessors-smart/1.2/accessors-smart-1.2.jar:/Users/abhishekkashyap/.m2/repository/org/ow2/asm/asm/5.0.4/asm-5.0.4.jar:/Users/abhishekkashyap/.m2/repository/org/slf4j/slf4j-api/1.7.30/slf4j-api-1.7.30.jar:/Users/abhishekkashyap/.m2/repository/jakarta/xml/bind/jakarta.xml.bind-api/2.3.3/jakarta.xml.bind-api-2.3.3.jar:/Users/abhishekkashyap/.m2/repository/jakarta/activation/jakarta.activation-api/1.2.2/jakarta.activation-api-1.2.2.jar:/Users/abhishekkashyap/.m2/repository/org/assertj/assertj-core/3.16.1/assertj-core-3.16.1.jar:/Users/abhishekkashyap/.m2/repository/org/hamcrest/hamcrest/2.2/hamcrest-2.2.jar:/Users/abhishekkashyap/.m2/repository/org/junit/jupiter/junit-jupiter/5.6.2/junit-jupiter-5.6.2.jar:/Users/abhishekkashyap/.m2/repository/org/junit/jupiter/junit-jupiter-api/5.6.2/junit-jupiter-api-5.6.2.jar:/Users/abhishekkashyap/.m2/repository/org/opentest4j/opentest4j/1.2.0/opentest4j-1.2.0.jar:/Users/abhishekkashyap/.m2/repository/org/junit/platform/junit-platform-commons/1.6.2/junit-platform-commons-1.6.2.jar:/Users/abhishekkashyap/.m2/repository/org/junit/jupiter/junit-jupiter-params/5.6.2/junit-jupiter-params-5.6.2.jar:/Users/abhishekkashyap/.m2/repository/org/junit/jupiter/junit-jupiter-engine/5.6.2/junit-jupiter-engine-5.6.2.jar:/Users/abhishekkashyap/.m2/repository/org/junit/vintage/junit-vintage-engine/5.6.2/junit-vintage-engine-5.6.2.jar:/Users/abhishekkashyap/.m2/repository/org/apiguardian/apiguardian-api/1.1.0/apiguardian-api-1.1.0.jar:/Users/abhishekkashyap/.m2/repository/org/junit/platform/junit-platform-engine/1.6.2/junit-platform-engine-1.6.2.jar:/Users/abhishekkashyap/.m2/repository/junit/junit/4.13/junit-4.13.jar:/Users/abhishekkashyap/.m2/repository/org/mockito/mockito-core/3.3.3/mockito-core-3.3.3.jar:/Users/abhishekkashyap/.m2/repository/net/bytebuddy/byte-buddy/1.10.11/byte-buddy-1.10.11.jar:/Users/abhishekkashyap/.m2/repository/net/bytebuddy/byte-buddy-agent/1.10.11/byte-buddy-agent-1.10.11.jar:/Users/abhishekkashyap/.m2/repository/org/objenesis/objenesis/2.6/objenesis-2.6.jar:/Users/abhishekkashyap/.m2/repository/org/mockito/mockito-junit-jupiter/3.3.3/mockito-junit-jupiter-3.3.3.jar:/Users/abhishekkashyap/.m2/repository/org/skyscreamer/jsonassert/1.5.0/jsonassert-1.5.0.jar:/Users/abhishekkashyap/.m2/repository/com/vaadin/external/google/android-json/0.0.20131108.vaadin1/android-json-0.0.20131108.vaadin1.jar:/Users/abhishekkashyap/.m2/repository/org/springframework/spring-core/5.2.7.RELEASE/spring-core-5.2.7.RELEASE.jar:/Users/abhishekkashyap/.m2/repository/org/springframework/spring-jcl/5.2.7.RELEASE/spring-jcl-5.2.7.RELEASE.jar:/Users/abhishekkashyap/.m2/repository/org/springframework/spring-test/5.2.7.RELEASE/spring-test-5.2.7.RELEASE.jar:/Users/abhishekkashyap/.m2/repository/org/xmlunit/xmlunit-core/2.7.0/xmlunit-core-2.7.0.jar:/Users/abhishekkashyap/.m2/repository/io/jsonwebtoken/jjwt/0.9.1/jjwt-0.9.1.jar:/Users/abhishekkashyap/.m2/repository/com/fasterxml/jackson/core/jackson-databind/2.11.0/jackson-databind-2.11.0.jar:/Users/abhishekkashyap/.m2/repository/com/fasterxml/jackson/core/jackson-annotations/2.11.0/jackson-annotations-2.11.0.jar:/Users/abhishekkashyap/.m2/repository/com/fasterxml/jackson/core/jackson-core/2.11.0/jackson-core-2.11.0.jar:/Users/abhishekkashyap/.m2/repository/javax/persistence/javax.persistence-api/2.2/javax.persistence-api-2.2.jar:/Users/abhishekkashyap/.m2/repository/org/projectlombok/lombok/1.18.20/lombok-1.18.20.jar:/Users/abhishekkashyap/.m2/repository/org/springframework/boot/spring-boot-starter-data-jpa/2.3.1.RELEASE/spring-boot-starter-data-jpa-2.3.1.RELEASE.jar:/Users/abhishekkashyap/.m2/repository/org/springframework/boot/spring-boot-starter-aop/2.3.1.RELEASE/spring-boot-starter-aop-2.3.1.RELEASE.jar:/Users/abhishekkashyap/.m2/repository/org/aspectj/aspectjweaver/1.9.5/aspectjweaver-1.9.5.jar:/Users/abhishekkashyap/.m2/repository/org/springframework/boot/spring-boot-starter-jdbc/2.3.1.RELEASE/spring-boot-starter-jdbc-2.3.1.RELEASE.jar:/Users/abhishekkashyap/.m2/repository/com/zaxxer/HikariCP/3.4.5/HikariCP-3.4.5.jar:/Users/abhishekkashyap/.m2/repository/org/springframework/spring-jdbc/5.2.7.RELEASE/spring-jdbc-5.2.7.RELEASE.jar:/Users/abhishekkashyap/.m2/repository/jakarta/transaction/jakarta.transaction-api/1.3.3/jakarta.transaction-api-1.3.3.jar:/Users/abhishekkashyap/.m2/repository/jakarta/persistence/jakarta.persistence-api/2.2.3/jakarta.persistence-api-2.2.3.jar:/Users/abhishekkashyap/.m2/repository/org/hibernate/hibernate-core/5.4.17.Final/hibernate-core-5.4.17.Final.jar:/Users/abhishekkashyap/.m2/repository/org/jboss/logging/jboss-logging/3.4.1.Final/jboss-logging-3.4.1.Final.jar:/Users/abhishekkashyap/.m2/repository/org/javassist/javassist/3.24.0-GA/javassist-3.24.0-GA.jar:/Users/abhishekkashyap/.m2/repository/antlr/antlr/2.7.7/antlr-2.7.7.jar:/Users/abhishekkashyap/.m2/repository/org/jboss/jandex/2.1.3.Final/jandex-2.1.3.Final.jar:/Users/abhishekkashyap/.m2/repository/com/fasterxml/classmate/1.5.1/classmate-1.5.1.jar:/Users/abhishekkashyap/.m2/repository/org/dom4j/dom4j/2.1.3/dom4j-2.1.3.jar:/Users/abhishekkashyap/.m2/repository/org/hibernate/common/hibernate-commons-annotations/5.1.0.Final/hibernate-commons-annotations-5.1.0.Final.jar:/Users/abhishekkashyap/.m2/repository/org/glassfish/jaxb/jaxb-runtime/2.3.3/jaxb-runtime-2.3.3.jar:/Users/abhishekkashyap/.m2/repository/org/glassfish/jaxb/txw2/2.3.3/txw2-2.3.3.jar:/Users/abhishekkashyap/.m2/repository/com/sun/istack/istack-commons-runtime/3.0.11/istack-commons-runtime-3.0.11.jar:/Users/abhishekkashyap/.m2/repository/com/sun/activation/jakarta.activation/1.2.2/jakarta.activation-1.2.2.jar:/Users/abhishekkashyap/.m2/repository/org/springframework/data/spring-data-jpa/2.3.1.RELEASE/spring-data-jpa-2.3.1.RELEASE.jar:/Users/abhishekkashyap/.m2/repository/org/springframework/data/spring-data-commons/2.3.1.RELEASE/spring-data-commons-2.3.1.RELEASE.jar:/Users/abhishekkashyap/.m2/repository/org/springframework/spring-orm/5.2.7.RELEASE/spring-orm-5.2.7.RELEASE.jar:/Users/abhishekkashyap/.m2/repository/org/springframework/spring-tx/5.2.7.RELEASE/spring-tx-5.2.7.RELEASE.jar:/Users/abhishekkashyap/.m2/repository/org/springframework/spring-aspects/5.2.7.RELEASE/spring-aspects-5.2.7.RELEASE.jar:/Users/abhishekkashyap/.m2/repository/org/springframework/security/spring-security-test/5.3.3.RELEASE/spring-security-test-5.3.3.RELEASE.jar:/Users/abhishekkashyap/.m2/repository/org/springframework/security/spring-security-core/5.3.3.RELEASE/spring-security-core-5.3.3.RELEASE.jar:"/>
    <property name="sun.cpu.endian" value="little"/>
    <property name="user.home" value="/Users/abhishekkashyap"/>
    <property name="user.language" value="en"/>
    <property name="java.specification.vendor" value="Oracle Corporation"/>
    <property name="java.version.date" value="2022-08-12"/>
    <property name="java.home" value="/Applications/SpringToolSuite4.app/Contents/Eclipse/plugins/org.eclipse.justj.openjdk.hotspot.jre.full.macosx.x86_64_17.0.4.v20221004-1257/jre"/>
    <property name="file.separator" value="/"/>
    <property name="style.color" value="always"/>
    <property name="basedir" value="/Users/abhishekkashyap/Documents/workspace-spring-tool-suite-4-4.16.1.RELEASE/AppSecurity"/>
    <property name="java.vm.compressedOopsMode" value="Zero based"/>
    <property name="line.separator" value="&#10;"/>
    <property name="java.vm.specification.vendor" value="Oracle Corporation"/>
    <property name="java.specification.name" value="Java Platform API Specification"/>
    <property name="surefire.real.class.path" value="/Users/abhishekkashyap/Documents/workspace-spring-tool-suite-4-4.16.1.RELEASE/AppSecurity/target/surefire/surefirebooter7464456427116739800.jar"/>
    <property name="sun.management.compiler" value="HotSpot 64-Bit Tiered Compilers"/>
    <property name="ftp.nonProxyHosts" value="local|*.local|169.254/16|*.169.254/16"/>
    <property name="java.runtime.version" value="17.0.4.1+1"/>
    <property name="user.name" value="abhishekkashyap"/>
    <property name="path.separator" value=":"/>
    <property name="os.version" value="13.0"/>
    <property name="java.runtime.name" value="OpenJDK Runtime Environment"/>
    <property name="file.encoding" value="UTF-8"/>
    <property name="java.vm.name" value="OpenJDK 64-Bit Server VM"/>
    <property name="java.vendor.version" value="Temurin-17.0.4.1+1"/>
    <property name="localRepository" value="/Users/abhishekkashyap/.m2/repository"/>
    <property name="java.vendor.url.bug" value="https://github.com/adoptium/adoptium-support/issues"/>
    <property name="java.io.tmpdir" value="/var/folders/mm/dmrf6zhj6zgbhlc8ndh1tmbm0000gp/T/"/>
    <property name="java.version" value="17.0.4.1"/>
    <property name="user.dir" value="/Users/abhishekkashyap/Documents/workspace-spring-tool-suite-4-4.16.1.RELEASE/AppSecurity"/>
    <property name="os.arch" value="x86_64"/>
    <property name="java.vm.specification.name" value="Java Virtual Machine Specification"/>
    <property name="native.encoding" value="UTF-8"/>
    <property name="java.library.path" value="/Users/abhishekkashyap/Library/Java/Extensions:/Library/Java/Extensions:/Network/Library/Java/Extensions:/System/Library/Java/Extensions:/usr/lib/java:."/>
    <property name="java.vm.info" value="mixed mode"/>
    <property name="java.vendor" value="Eclipse Adoptium"/>
    <property name="java.vm.version" value="17.0.4.1+1"/>
    <property name="sun.io.unicode.encoding" value="UnicodeBig"/>
    <property name="socksNonProxyHosts" value="local|*.local|169.254/16|*.169.254/16"/>
    <property name="java.class.version" value="61.0"/>
  </properties>
  <testcase name="com.nagp.security.AppSecurityApplicationTests" classname="com.nagp.security.AppSecurityApplicationTests" time="0.214">
    <error message="Failed to read candidate component class: file [/Users/abhishekkashyap/Documents/workspace-spring-tool-suite-4-4.16.1.RELEASE/AppSecurity/target/test-classes/com/nagp/security/AppSecurityApplicationTests.class]; nested exception is org.springframework.core.NestedIOException: ASM ClassReader failed to parse class file - probably due to a new Java class file version that isn&apos;t supported yet: file [/Users/abhishekkashyap/Documents/workspace-spring-tool-suite-4-4.16.1.RELEASE/AppSecurity/target/test-classes/com/nagp/security/AppSecurityApplicationTests.class]; nested exception is java.lang.IllegalArgumentException: Unsupported class file major version 61" type="org.springframework.beans.factory.BeanDefinitionStoreException">org.springframework.beans.factory.BeanDefinitionStoreException: Failed to read candidate component class: file [/Users/abhishekkashyap/Documents/workspace-spring-tool-suite-4-4.16.1.RELEASE/AppSecurity/target/test-classes/com/nagp/security/AppSecurityApplicationTests.class]; nested exception is org.springframework.core.NestedIOException: ASM ClassReader failed to parse class file - probably due to a new Java class file version that isn't supported yet: file [/Users/abhishekkashyap/Documents/workspace-spring-tool-suite-4-4.16.1.RELEASE/AppSecurity/target/test-classes/com/nagp/security/AppSecurityApplicationTests.class]; nested exception is java.lang.IllegalArgumentException: Unsupported class file major version 61
Caused by: org.springframework.core.NestedIOException: ASM ClassReader failed to parse class file - probably due to a new Java class file version that isn't supported yet: file [/Users/abhishekkashyap/Documents/workspace-spring-tool-suite-4-4.16.1.RELEASE/AppSecurity/target/test-classes/com/nagp/security/AppSecurityApplicationTests.class]; nested exception is java.lang.IllegalArgumentException: Unsupported class file major version 61
Caused by: java.lang.IllegalArgumentException: Unsupported class file major version 61
</error>
    <system-out><![CDATA[13:54:24.162 [main] DEBUG org.springframework.test.context.BootstrapUtils - Instantiating CacheAwareContextLoaderDelegate from class [org.springframework.test.context.cache.DefaultCacheAwareContextLoaderDelegate]
13:54:24.174 [main] DEBUG org.springframework.test.context.BootstrapUtils - Instantiating BootstrapContext using constructor [public org.springframework.test.context.support.DefaultBootstrapContext(java.lang.Class,org.springframework.test.context.CacheAwareContextLoaderDelegate)]
13:54:24.197 [main] DEBUG org.springframework.test.context.BootstrapUtils - Instantiating TestContextBootstrapper for test class [com.nagp.security.AppSecurityApplicationTests] from class [org.springframework.boot.test.context.SpringBootTestContextBootstrapper]
13:54:24.213 [main] INFO org.springframework.boot.test.context.SpringBootTestContextBootstrapper - Neither @ContextConfiguration nor @ContextHierarchy found for test class [com.nagp.security.AppSecurityApplicationTests], using SpringBootContextLoader
13:54:24.217 [main] DEBUG org.springframework.test.context.support.AbstractContextLoader - Did not detect default resource location for test class [com.nagp.security.AppSecurityApplicationTests]: class path resource [com/nagp/security/AppSecurityApplicationTests-context.xml] does not exist
13:54:24.218 [main] DEBUG org.springframework.test.context.support.AbstractContextLoader - Did not detect default resource location for test class [com.nagp.security.AppSecurityApplicationTests]: class path resource [com/nagp/security/AppSecurityApplicationTestsContext.groovy] does not exist
13:54:24.218 [main] INFO org.springframework.test.context.support.AbstractContextLoader - Could not detect default resource locations for test class [com.nagp.security.AppSecurityApplicationTests]: no resource found for suffixes {-context.xml, Context.groovy}.
13:54:24.218 [main] INFO org.springframework.test.context.support.AnnotationConfigContextLoaderUtils - Could not detect default configuration classes for test class [com.nagp.security.AppSecurityApplicationTests]: AppSecurityApplicationTests does not declare any static, non-private, non-final, nested classes annotated with @Configuration.
13:54:24.255 [main] DEBUG org.springframework.test.context.support.ActiveProfilesUtils - Could not find an 'annotation declaring class' for annotation type [org.springframework.test.context.ActiveProfiles] and class [com.nagp.security.AppSecurityApplicationTests]
13:54:24.282 [main] DEBUG org.springframework.test.context.BootstrapUtils - Instantiating CacheAwareContextLoaderDelegate from class [org.springframework.test.context.cache.DefaultCacheAwareContextLoaderDelegate]
13:54:24.282 [main] DEBUG org.springframework.test.context.BootstrapUtils - Instantiating BootstrapContext using constructor [public org.springframework.test.context.support.DefaultBootstrapContext(java.lang.Class,org.springframework.test.context.CacheAwareContextLoaderDelegate)]
13:54:24.282 [main] DEBUG org.springframework.test.context.BootstrapUtils - Instantiating TestContextBootstrapper for test class [com.nagp.security.AppSecurityApplicationTests] from class [org.springframework.boot.test.context.SpringBootTestContextBootstrapper]
13:54:24.283 [main] INFO org.springframework.boot.test.context.SpringBootTestContextBootstrapper - Neither @ContextConfiguration nor @ContextHierarchy found for test class [com.nagp.security.AppSecurityApplicationTests], using SpringBootContextLoader
13:54:24.284 [main] DEBUG org.springframework.test.context.support.AbstractContextLoader - Did not detect default resource location for test class [com.nagp.security.AppSecurityApplicationTests]: class path resource [com/nagp/security/AppSecurityApplicationTests-context.xml] does not exist
13:54:24.284 [main] DEBUG org.springframework.test.context.support.AbstractContextLoader - Did not detect default resource location for test class [com.nagp.security.AppSecurityApplicationTests]: class path resource [com/nagp/security/AppSecurityApplicationTestsContext.groovy] does not exist
13:54:24.284 [main] INFO org.springframework.test.context.support.AbstractContextLoader - Could not detect default resource locations for test class [com.nagp.security.AppSecurityApplicationTests]: no resource found for suffixes {-context.xml, Context.groovy}.
13:54:24.284 [main] INFO org.springframework.test.context.support.AnnotationConfigContextLoaderUtils - Could not detect default configuration classes for test class [com.nagp.security.AppSecurityApplicationTests]: AppSecurityApplicationTests does not declare any static, non-private, non-final, nested classes annotated with @Configuration.
13:54:24.285 [main] DEBUG org.springframework.test.context.support.ActiveProfilesUtils - Could not find an 'annotation declaring class' for annotation type [org.springframework.test.context.ActiveProfiles] and class [com.nagp.security.AppSecurityApplicationTests]
13:54:24.289 [main] DEBUG org.springframework.test.context.BootstrapUtils - Instantiating CacheAwareContextLoaderDelegate from class [org.springframework.test.context.cache.DefaultCacheAwareContextLoaderDelegate]
13:54:24.289 [main] DEBUG org.springframework.test.context.BootstrapUtils - Instantiating BootstrapContext using constructor [public org.springframework.test.context.support.DefaultBootstrapContext(java.lang.Class,org.springframework.test.context.CacheAwareContextLoaderDelegate)]
13:54:24.289 [main] DEBUG org.springframework.test.context.BootstrapUtils - Instantiating TestContextBootstrapper for test class [com.nagp.security.AppSecurityApplicationTests] from class [org.springframework.boot.test.context.SpringBootTestContextBootstrapper]
13:54:24.290 [main] INFO org.springframework.boot.test.context.SpringBootTestContextBootstrapper - Neither @ContextConfiguration nor @ContextHierarchy found for test class [com.nagp.security.AppSecurityApplicationTests], using SpringBootContextLoader
13:54:24.291 [main] DEBUG org.springframework.test.context.support.AbstractContextLoader - Did not detect default resource location for test class [com.nagp.security.AppSecurityApplicationTests]: class path resource [com/nagp/security/AppSecurityApplicationTests-context.xml] does not exist
13:54:24.291 [main] DEBUG org.springframework.test.context.support.AbstractContextLoader - Did not detect default resource location for test class [com.nagp.security.AppSecurityApplicationTests]: class path resource [com/nagp/security/AppSecurityApplicationTestsContext.groovy] does not exist
13:54:24.291 [main] INFO org.springframework.test.context.support.AbstractContextLoader - Could not detect default resource locations for test class [com.nagp.security.AppSecurityApplicationTests]: no resource found for suffixes {-context.xml, Context.groovy}.
13:54:24.291 [main] INFO org.springframework.test.context.support.AnnotationConfigContextLoaderUtils - Could not detect default configuration classes for test class [com.nagp.security.AppSecurityApplicationTests]: AppSecurityApplicationTests does not declare any static, non-private, non-final, nested classes annotated with @Configuration.
13:54:24.292 [main] DEBUG org.springframework.test.context.support.ActiveProfilesUtils - Could not find an 'annotation declaring class' for annotation type [org.springframework.test.context.ActiveProfiles] and class [com.nagp.security.AppSecurityApplicationTests]
]]></system-out>
  </testcase>
</testsuite>